0 silly argv {
0 silly argv   _: [ 'publish' ],
0 silly argv   composed: 'publish',
0 silly argv   lernaVersion: '5.4.3',
0 silly argv   '$0': '/Users/e105573/Documents/monorepo/node_modules/.bin/lerna'
0 silly argv }
1 notice cli v5.4.3
2 verbose rootPath /Users/e105573/Documents/monorepo
3 info versioning independent
4 verbose session 17af92537b9c204c
5 verbose user-agent lerna/5.4.3/node@v14.18.2+x64 (darwin)
6 silly argv { _: [ 'publish' ], composed: 'publish', lernaVersion: '5.4.3' }
7 verbose rootPath /Users/e105573/Documents/monorepo
8 silly isAnythingCommitted
9 verbose isAnythingCommitted 1
10 silly getCurrentBranch
11 verbose currentBranch master
12 silly remoteBranchExists
13 silly isBehindUpstream
14 silly isBehindUpstream master is behind origin/master by 0 commit(s) and ahead by 0
15 silly hasTags
16 verbose hasTags true
17 silly git-describe.sync "pkg1@1.0.7-1-g2336487" => {"lastTagName":"pkg1@1.0.7","lastVersion":"1.0.7","refCount":"1","sha":"2336487","isDirty":false}
18 info Looking for changed packages since pkg1@1.0.7
19 silly checking diff packages/pkg1
20 silly found diff in packages/pkg1/index.html
20 silly found diff in packages/pkg1/package.json
21 verbose filtered diff [ 'packages/pkg1/index.html', 'packages/pkg1/package.json' ]
22 silly checking diff packages/pkg2
23 silly found diff in packages/pkg2/package.json
24 verbose filtered diff [ 'packages/pkg2/package.json' ]
25 verbose updated pkg1
26 verbose updated pkg2
27 verbose git-describe undefined => "pkg1@1.0.7-1-g2336487"
28 silly git-describe parsed => {"lastTagName":"pkg1@1.0.7","lastVersion":"1.0.7","refCount":"1","sha":"2336487","isDirty":false}
29 info execute Skipping releases
30 silly lifecycle No script for "preversion" in "monorepo", continuing
31 silly lifecycle No script for "preversion" in "pkg1", continuing
32 silly lifecycle No script for "preversion" in "pkg2", continuing
33 silly lifecycle No script for "version" in "pkg1", continuing
34 silly lifecycle No script for "version" in "pkg2", continuing
35 verbose version Updating root package-lock.json
36 silly lifecycle No script for "version" in "monorepo", continuing
37 silly gitAdd [
37 silly gitAdd   'packages/pkg1/package.json',
37 silly gitAdd   'packages/pkg2/package.json',
37 silly gitAdd   'package-lock.json'
37 silly gitAdd ]
38 silly gitCommit Publish
38 silly gitCommit
38 silly gitCommit  - pkg1@1.0.8
38 silly gitCommit  - pkg2@1.0.8
39 verbose git [
39 verbose git   'commit',
39 verbose git   '-F',
39 verbose git   '/private/var/folders/7g/185bb0qj0jq7jz8bvtb4nx88xw50nd/T/610cb433-e193-446d-932b-d43a31f00275/lerna-commit.txt'
39 verbose git ]
40 silly gitTag pkg1@1.0.8
41 verbose git [ 'tag', 'pkg1@1.0.8', '-m', 'pkg1@1.0.8' ]
42 silly gitTag pkg2@1.0.8
43 verbose git [ 'tag', 'pkg2@1.0.8', '-m', 'pkg2@1.0.8' ]
44 silly lifecycle No script for "postversion" in "pkg1", continuing
45 silly lifecycle No script for "postversion" in "pkg2", continuing
46 silly lifecycle No script for "postversion" in "monorepo", continuing
47 info git Pushing tags...
48 silly gitPush origin master
49 info publish Publishing packages to npm...
50 notice Skipping all user and access validation due to third-party registry
51 notice Make sure you're authenticated properly ¯\_(ツ)_/¯
52 silly getCurrentSHA
53 verbose getCurrentSHA 4d10b53cbabcb54215628d90458d4747378b7036
54 warn lifecycle Skipping root "prepublish" because it has already been called
55 silly lifecycle No script for "prepare" in "monorepo", continuing
56 silly lifecycle No script for "prepublishOnly" in "monorepo", continuing
57 silly lifecycle No script for "prepack" in "monorepo", continuing
58 verbose pack-directory packages/pkg1
59 verbose pack-directory packages/pkg2
60 silly lifecycle No script for "prepublish" in "pkg1", continuing
61 silly lifecycle No script for "prepublish" in "pkg2", continuing
62 silly lifecycle No script for "prepare" in "pkg1", continuing
63 silly lifecycle No script for "prepare" in "pkg2", continuing
64 silly lifecycle No script for "prepublishOnly" in "pkg2", continuing
65 silly lifecycle No script for "prepublishOnly" in "pkg1", continuing
66 silly lifecycle No script for "prepack" in "pkg2", continuing
67 silly lifecycle No script for "prepack" in "pkg1", continuing
68 silly lifecycle No script for "postpack" in "pkg2", continuing
69 verbose packed packages/pkg2
70 silly lifecycle No script for "postpack" in "pkg1", continuing
71 verbose packed packages/pkg1
72 silly lifecycle No script for "postpack" in "monorepo", continuing
73 verbose publish pkg1
74 verbose publish pkg2
75 silly FetchError: request to https://npm.pkg.github.com/@kellettemma/pkg1 failed, reason: self signed certificate in certificate chain
75 silly     at ClientRequest.<anonymous> (/Users/e105573/Documents/monorepo/node_modules/minipass-fetch/lib/index.js:130:14)
75 silly     at ClientRequest.emit (events.js:400:28)
75 silly     at TLSSocket.socketErrorListener (_http_client.js:475:9)
75 silly     at TLSSocket.emit (events.js:412:35)
75 silly     at emitErrorNT (internal/streams/destroy.js:106:8)
75 silly     at emitErrorCloseNT (internal/streams/destroy.js:74:3)
75 silly     at processTicksAndRejections (internal/process/task_queues.js:82:21)
75 silly  FetchError: request to https://npm.pkg.github.com/@kellettemma/pkg1 failed, reason: self signed certificate in certificate chain
75 silly     at ClientRequest.<anonymous> (/Users/e105573/Documents/monorepo/node_modules/minipass-fetch/lib/index.js:130:14)
75 silly     at ClientRequest.emit (events.js:400:28)
75 silly     at TLSSocket.socketErrorListener (_http_client.js:475:9)
75 silly     at TLSSocket.emit (events.js:412:35)
75 silly     at emitErrorNT (internal/streams/destroy.js:106:8)
75 silly     at emitErrorCloseNT (internal/streams/destroy.js:74:3)
75 silly     at processTicksAndRejections (internal/process/task_queues.js:82:21) {
75 silly   code: 'SELF_SIGNED_CERT_IN_CHAIN',
75 silly   errno: 'SELF_SIGNED_CERT_IN_CHAIN',
75 silly   type: 'system'
75 silly }
76 error SELF_SIGNED_CERT_IN_CHAIN request to https://npm.pkg.github.com/@kellettemma/pkg1 failed, reason: self signed certificate in certificate chain
77 error FetchError: request to https://npm.pkg.github.com/@kellettemma/pkg1 failed, reason: self signed certificate in certificate chain
77 error     at ClientRequest.<anonymous> (/Users/e105573/Documents/monorepo/node_modules/minipass-fetch/lib/index.js:130:14)
77 error     at ClientRequest.emit (events.js:400:28)
77 error     at TLSSocket.socketErrorListener (_http_client.js:475:9)
77 error     at TLSSocket.emit (events.js:412:35)
77 error     at emitErrorNT (internal/streams/destroy.js:106:8)
77 error     at emitErrorCloseNT (internal/streams/destroy.js:74:3)
